<?xml version="1.0" encoding="UTF-8"?>
<testng-results ignored="0" total="1" passed="1" failed="0" skipped="0">
  <reporter-output>
  </reporter-output>
  <suite started-at="2024-11-28T14:46:58 IST" name="Suite" finished-at="2024-11-28T14:47:22 IST" duration-ms="23854">
    <groups>
    </groups>
    <test started-at="2024-11-28T14:46:58 IST" name="Test" finished-at="2024-11-28T14:47:22 IST" duration-ms="23854">
      <class name="com.automationdemo.testcases.TestCaseDemo">
        <test-method is-config="true" signature="setUp()[pri:0, instance:com.automationdemo.testcases.TestCaseDemo@3b0fe47a]" started-at="2024-11-28T14:46:58 IST" name="setUp" finished-at="2024-11-28T14:47:18 IST" duration-ms="20312" status="PASS">
          <reporter-output>
          </reporter-output>
        </test-method> <!-- setUp -->
        <test-method signature="verifyLogin()[pri:0, instance:com.automationdemo.testcases.TestCaseDemo@3b0fe47a]" started-at="2024-11-28T14:47:18 IST" name="verifyLogin" finished-at="2024-11-28T14:47:22 IST" duration-ms="3105" status="PASS">
          <reporter-output>
          </reporter-output>
        </test-method> <!-- verifyLogin -->
        <test-method is-config="true" signature="tearDown()[pri:0, instance:com.automationdemo.testcases.TestCaseDemo@3b0fe47a]" started-at="2024-11-28T14:47:22 IST" name="tearDown" finished-at="2024-11-28T14:47:22 IST" duration-ms="375" status="PASS">
          <reporter-output>
          </reporter-output>
        </test-method> <!-- tearDown -->
      </class> <!-- com.automationdemo.testcases.TestCaseDemo -->
    </test> <!-- Test -->
  </suite> <!-- Suite -->
</testng-results>
